Removed Pin From Net: NetName=GND Pin=*-GND
Change Component Comment : Designator=* Old Comment=HM5172_2WayPCBScrewTerminal External Fridge Relay Supply New Comment=HM5172_2WayPCBScrewTerminal
Change component parameters: Designator = "R?" ("R?"); Footprint = "AXIAL-0.3"; UniqueID = "\KKECAEWY" ("\KKECAEWY")
Change component parameters (AddParameter): Name = "LatestRevisionDate"; Value = "17-Jul-2002"; VariantName = "[No Variations]"
Change component parameters (AddParameter): Name = "LatestRevisionNote"; Value = "Re-released for DXP Platform."; VariantName = "[No Variations]"
Change component parameters (AddParameter): Name = "PackageDescription"; Value = "Axial Device, Thru-Hole; 2 Leads; 0.3 in Pin Spacing"; VariantName = "[No Variations]"
Change component parameters (AddParameter): Name = "PackageReference"; Value = "AXIAL-0.3"; VariantName = "[No Variations]"
Change component parameters (AddParameter): Name = "Published"; Value = "8-Jun-2000"; VariantName = "[No Variations]"
Change component parameters (AddParameter): Name = "Publisher"; Value = "Altium Limited"; VariantName = "[No Variations]"
Change component parameters (AddParameter): Name = "Value"; Value = "1K"; VariantName = "[No Variations]"
Added Pin To Net: NetName=GND Pin=*-GND
Added Member To Class: ClassName=OpenChill_Main_Board Member=Component * XC4514_DCVoltageRegulator
Added Member To Class: ClassName=OpenChill_Main_Board Member=Component * PS0524_BulkheadMaleDCPowerConnector
Added Member To Class: ClassName=OpenChill_Main_Board Member=Component * XC4424_BuzzerModule
Added Member To Class: ClassName=OpenChill_Main_Board Member=Component * RN3440_10k_NTC_Thermistor
Added Member To Class: ClassName=OpenChill_Main_Board Member=Component * HM5172_2WayPCBScrewTerminal
Added Member To Class: ClassName=OpenChill_Main_Board Member=Component * UnoWithWifi
Added Member To Class: ClassName=OpenChill_Main_Board Member=Component * XC4520_HumiditySensor
Added Member To Class: ClassName=OpenChill_Main_Board Member=Component R? Res1
Added Room: Name=OpenChill_Main_Board
