Removed Pin From Net: NetName=A3 Pin=*-2
Change Component Comment : Designator=* Old Comment=XC4520_HumiditySensor New Comment=UnoWithWifi
Added Component: Designator=R?(VR5)
Add component (AddParameter): Name = "LatestRevisionDate"; Value = "17-Jul-2002"; VariantName = "[No Variations]"
Add component (AddParameter): Name = "LatestRevisionNote"; Value = "Re-released for DXP Platform."; VariantName = "[No Variations]"
Add component (AddParameter): Name = "PackageDescription"; Value = "Variable Resistor, Thru-Hole; 3 Leads"; VariantName = "[No Variations]"
Add component (AddParameter): Name = "PackageReference"; Value = "VR5"; VariantName = "[No Variations]"
Add component (AddParameter): Name = "Published"; Value = "8-Jun-2000"; VariantName = "[No Variations]"
Add component (AddParameter): Name = "Publisher"; Value = "Altium Limited"; VariantName = "[No Variations]"
Add component (AddParameter): Name = "Set Position"; Value = "0.5"; VariantName = "[No Variations]"
Add component (AddParameter): Name = "Sim Note"; Value = "Enter the Resistance value and the set point into parameter fields."; VariantName = "[No Variations]"
Add component (AddParameter): Name = "Value"; Value = "1K"; VariantName = "[No Variations]"
Added Pin To Net: NetName=A3 Pin=R?-3
Added Pin To Net: NetName=Net*_2 Pin=*-2
Added Pin To Net: NetName=Net*_2 Pin=R?-1
Added Net: Name=Net*_2
Added Pin To Net: NetName=NetR?_1 Pin=R?-1
Added Pin To Net: NetName=NetR?_1 Pin=R?-2
Added Net: Name=NetR?_1
Added Member To Class: ClassName=OpenChill_Main_Board Member=Component * XC4514_DCVoltageRegulator
Added Member To Class: ClassName=OpenChill_Main_Board Member=Component * PS0524_BulkheadMaleDCPowerConnector
Added Member To Class: ClassName=OpenChill_Main_Board Member=Component * UnoWithWifi
Added Member To Class: ClassName=OpenChill_Main_Board Member=Component * XC4419_Relay_5V
Added Member To Class: ClassName=OpenChill_Main_Board Member=Component * XC4424_BuzzerModule
Added Member To Class: ClassName=OpenChill_Main_Board Member=Component * XC4520_HumiditySensor
Added Member To Class: ClassName=OpenChill_Main_Board Member=Component R? Res1
Added Room: Name=OpenChill_Main_Board
